#
# There is insufficient memory for the Java Runtime Environment to continue.
# Native memory allocation (malloc) failed to allocate 1048576 bytes for AllocateHeap
# Possible reasons:
#   The system is out of physical RAM or swap space
#   The process is running with CompressedOops enabled, and the Java Heap may be blocking the growth of the native heap
# Possible solutions:
#   Reduce memory load on the system
#   Increase physical memory or swap space
#   Check if swap backing store is full
#   Decrease Java heap size (-Xmx/-Xms)
#   Decrease number of Java threads
#   Decrease Java thread stack sizes (-Xss)
#   Set larger code cache with -XX:ReservedCodeCacheSize=
#   JVM is running with Unscaled Compressed Oops mode in which the Java heap is
#     placed in the first 4GB address space. The Java Heap base address is the
#     maximum limit for the native heap growth. Please use -XX:HeapBaseMinAddress
#     to set the Java Heap base and to place the Java Heap above 4GB virtual address.
# This output file may be truncated or incomplete.
#
#  Out of Memory Error (memory/allocation.inline.hpp:61), pid=6600, tid=0x0000000000000220
#
# JRE version:  (8.0_291-b10) (build )
# Java VM: Java HotSpot(TM) 64-Bit Server VM (25.291-b10 mixed mode windows-amd64 compressed oops)
# Failed to write core dump. Minidumps are not enabled by default on client versions of Windows
#

---------------  T H R E A D  ---------------

Current thread (0x000001c49e494000):  JavaThread "Unknown thread" [_thread_in_vm, id=544, stack(0x0000006d91c00000,0x0000006d91d00000)]

Stack: [0x0000006d91c00000,0x0000006d91d00000]
Native frames: (J=compiled Java code, j=interpreted, Vv=VM code, C=native code)
V  [jvm.dll+0x32ea19]
V  [jvm.dll+0x275462]
V  [jvm.dll+0x27610d]
V  [jvm.dll+0x26cb45]
V  [jvm.dll+0x509d]
V  [jvm.dll+0x3d2f93]
V  [jvm.dll+0x3d39a8]
V  [jvm.dll+0xfcaff]
V  [jvm.dll+0x209dfb]
V  [jvm.dll+0x238827]
V  [jvm.dll+0x1625b6]
C  [java.exe+0x2312]
C  [java.exe+0x15f54]
C  [KERNEL32.DLL+0x17974]
C  [ntdll.dll+0x5a2f1]


---------------  P R O C E S S  ---------------

Java Threads: ( => current thread )

Other Threads:

=>0x000001c49e494000 (exited) JavaThread "Unknown thread" [_thread_in_vm, id=544, stack(0x0000006d91c00000,0x0000006d91d00000)]

VM state:not at safepoint (normal execution)

VM Mutex/Monitor currently owned by a thread: None

heap address: 0x0000000081a00000, size: 2022 MB, Compressed Oops mode: 32-bit
Narrow klass base: 0x0000000000000000, Narrow klass shift: 3
Compressed class space size: 1073741824 Address: 0x0000000100000000

Heap:
 PSYoungGen      total 38400K, used 665K [0x00000000d5e00000, 0x00000000d8880000, 0x0000000100000000)
  eden space 33280K, 2% used [0x00000000d5e00000,0x00000000d5ea6670,0x00000000d7e80000)
  from space 5120K, 0% used [0x00000000d8380000,0x00000000d8380000,0x00000000d8880000)
  to   space 5120K, 0% used [0x00000000d7e80000,0x00000000d7e80000,0x00000000d8380000)
 ParOldGen       total 87552K, used 0K [0x0000000081a00000, 0x0000000086f80000, 0x00000000d5e00000)
  object space 87552K, 0% used [0x0000000081a00000,0x0000000081a00000,0x0000000086f80000)
 Metaspace       used 778K, capacity 4480K, committed 4480K, reserved 1056768K
  class space    used 76K, capacity 384K, committed 384K, reserved 1048576K

Card table byte_map: [0x000001c4af320000,0x000001c4af720000] byte_map_base: 0x000001c4aef13000

Marking Bits: (ParMarkBitMap*) 0x0000000077f87fe0
 Begin Bits: [0x000001c4af9d0000, 0x000001c4b1968000)
 End Bits:   [0x000001c4b1968000, 0x000001c4b3900000)

Polling page: 0x000001c49e640000

CodeCache: size=245760Kb used=328Kb max_used=328Kb free=245431Kb
 bounds [0x000001c49ff60000, 0x000001c4a01d0000, 0x000001c4aef60000]
 total_blobs=58 nmethods=0 adapters=38
 compilation: enabled

Compilation events (0 events):
No events

GC Heap History (0 events):
No events

Deoptimization events (0 events):
No events

Classes redefined (0 events):
No events

Internal exceptions (0 events):
No events

Events (10 events):
Event: 0.021 loading class java/lang/Short
Event: 0.022 loading class java/lang/Short done
Event: 0.022 loading class java/lang/Integer
Event: 0.022 loading class java/lang/Integer done
Event: 0.022 loading class java/lang/Long
Event: 0.022 loading class java/lang/Long done
Event: 0.022 loading class java/lang/NullPointerException
Event: 0.022 loading class java/lang/NullPointerException done
Event: 0.022 loading class java/lang/ArithmeticException
Event: 0.022 loading class java/lang/ArithmeticException done


Dynamic libraries:
0x00007ff7c1c70000 - 0x00007ff7c1cb7000 	C:\Program Files\Java\jdk1.8.0_291\bin\java.exe
0x00007ffbbf400000 - 0x00007ffbbf5ed000 	C:\Windows\SYSTEM32\ntdll.dll
0x00007ffbbd790000 - 0x00007ffbbd843000 	C:\Windows\System32\KERNEL32.DLL
0x00007ffbbb6a0000 - 0x00007ffbbb935000 	C:\Windows\System32\KERNELBASE.dll
0x00007ffbbd660000 - 0x00007ffbbd704000 	C:\Windows\System32\ADVAPI32.dll
0x00007ffbbf320000 - 0x00007ffbbf3be000 	C:\Windows\System32\msvcrt.dll
0x00007ffbbd850000 - 0x00007ffbbd8ee000 	C:\Windows\System32\sechost.dll
0x00007ffbbc630000 - 0x00007ffbbc74f000 	C:\Windows\System32\RPCRT4.dll
0x00007ffbbf180000 - 0x00007ffbbf318000 	C:\Windows\System32\USER32.dll
0x00007ffbbb940000 - 0x00007ffbbb960000 	C:\Windows\System32\win32u.dll
0x00007ffbbd630000 - 0x00007ffbbd659000 	C:\Windows\System32\GDI32.dll
0x00007ffbbc490000 - 0x00007ffbbc62c000 	C:\Windows\System32\gdi32full.dll
0x00007ffbbb9f0000 - 0x00007ffbbba90000 	C:\Windows\System32\msvcp_win.dll
0x00007ffbbc2e0000 - 0x00007ffbbc3da000 	C:\Windows\System32\ucrtbase.dll
0x00007ffbaf110000 - 0x00007ffbaf389000 	C:\Windows\WinSxS\amd64_microsoft.windows.common-controls_6595b64144ccf1df_6.0.17763.2061_none_de73cf545348ec45\COMCTL32.dll
0x00007ffbbd000000 - 0x00007ffbbd32d000 	C:\Windows\System32\combase.dll
0x00007ffbbb960000 - 0x00007ffbbb9e2000 	C:\Windows\System32\bcryptPrimitives.dll
0x00007ffbbca10000 - 0x00007ffbbca3e000 	C:\Windows\System32\IMM32.DLL
0x00007ffbb5ac0000 - 0x00007ffbb5ad5000 	C:\Program Files\Java\jdk1.8.0_291\jre\bin\vcruntime140.dll
0x00007ffb893c0000 - 0x00007ffb8945b000 	C:\Program Files\Java\jdk1.8.0_291\jre\bin\msvcp140.dll
0x00000000777a0000 - 0x0000000078000000 	C:\Program Files\Java\jdk1.8.0_291\jre\bin\server\jvm.dll
0x00007ffbbf170000 - 0x00007ffbbf178000 	C:\Windows\System32\PSAPI.DLL
0x00007ffbaf830000 - 0x00007ffbaf83a000 	C:\Windows\SYSTEM32\VERSION.dll
0x00007ffbb8150000 - 0x00007ffbb8174000 	C:\Windows\SYSTEM32\WINMM.dll
0x00007ffbb5d60000 - 0x00007ffbb5d69000 	C:\Windows\SYSTEM32\WSOCK32.dll
0x00007ffbbd330000 - 0x00007ffbbd39d000 	C:\Windows\System32\WS2_32.dll
0x00007ffbb8120000 - 0x00007ffbb814d000 	C:\Windows\SYSTEM32\WINMMBASE.dll
0x00007ffbbc440000 - 0x00007ffbbc48a000 	C:\Windows\System32\cfgmgr32.dll
0x00007ffbbb3e0000 - 0x00007ffbbb3f1000 	C:\Windows\System32\kernel.appcore.dll
0x00007ffbb3b50000 - 0x00007ffbb3b60000 	C:\Program Files\Java\jdk1.8.0_291\jre\bin\verify.dll
0x00007ffb8abe0000 - 0x00007ffb8ac0b000 	C:\Program Files\Java\jdk1.8.0_291\jre\bin\java.dll
0x00007ffbaf840000 - 0x00007ffbaf858000 	C:\Program Files\Java\jdk1.8.0_291\jre\bin\zip.dll
0x00007ffbaa150000 - 0x00007ffbaa33d000 	C:\Windows\SYSTEM32\dbghelp.dll

VM Arguments:
java_command: <unknown>
java_class_path (initial): .
Launcher Type: SUN_STANDARD

Environment Variables:
CLASSPATH=.
PATH=C:\Python39\Scripts\;C:\Python39\;C:\Program Files (x86)\NVIDIA Corporation\PhysX\Common;C:\Program Files (x86)\Common Files\Oracle\Java\javapath;C:\Windows\system32;C:\Windows;C:\Windows\System32\Wbem;C:\Windows\System32\WindowsPowerShell\v1.0\;C:\Windows\System32\OpenSSH\;C:\Program Files\PuTTY\;C:\Program Files\Microsoft VS Code\bin;c:\Program Files (x86)\Microsoft SQL Server\100\Tools\Binn\;c:\Program Files\Microsoft SQL Server\100\Tools\Binn\;c:\Program Files\Microsoft SQL Server\100\DTS\Binn\;C:\Program Files\Java\jdk1.8.0_291\bin;Z:\nodejs\;C:\ProgramData\chocolatey\bin;C:\Program Files\Shield\;C:\Users\Usuario\AppData\Local\Microsoft\WindowsApps;
USERNAME=Usuario
OS=Windows_NT
PROCESSOR_IDENTIFIER=Intel64 Family 6 Model 58 Stepping 9, GenuineIntel



---------------  S Y S T E M  ---------------

OS: Windows 10.0 , 64 bit Build 17763 (10.0.17763.2028)

CPU:total 4 (initial active 4) (2 cores per cpu, 2 threads per core) family 6 model 58 stepping 9, cmov, cx8, fxsr, mmx, sse, sse2, sse3, ssse3, sse4.1, sse4.2, popcnt, avx, clmul, erms, ht, tsc, tscinvbit, tscinv

Memory: 4k page, physical 8281492k(297060k free), swap 20874768k(4440k free)

vm_info: Java HotSpot(TM) 64-Bit Server VM (25.291-b10) for windows-amd64 JRE (1.8.0_291-b10), built on Apr  9 2021 00:02:00 by "java_re" with MS VC++ 15.9 (VS2017)

time: Mon Apr 15 08:54:14 2024
timezone: Hora de verano romance
elapsed time: 0.109486 seconds (0d 0h 0m 0s)

